<?xml version="1.0" encoding="UTF-8"?>
<!-- Generated by org.testng.reporters.JUnitReportReporter -->
<testsuite hostname="DESKTOP-J80IKB4" name="sahabilgiteknolojileri.Mavenjava2.SeleniumTest2" tests="2" failures="0" timestamp="6 Aug 2020 16:34:36 GMT" time="0.002" errors="0">
  <testcase name="FamilyMembersAges" time="0.001" classname="sahabilgiteknolojileri.Mavenjava2.SeleniumTest2"/>
  <testcase name="FamilyMembersAges" time="0.001" classname="sahabilgiteknolojileri.Mavenjava2.SeleniumTest2"/>
</testsuite> <!-- sahabilgiteknolojileri.Mavenjava2.SeleniumTest2 -->
