<?xml version="1.0" encoding="UTF-8"?>
<!-- Generated by org.testng.reporters.JUnitReportReporter -->
<testsuite hostname="DESKTOP-J80IKB4" name="sahabilgiteknolojileri.Mavenjava2.SeleniumTest" tests="2" failures="0" timestamp="6 Aug 2020 16:34:36 GMT" time="0.019" errors="0">
  <testcase name="FamilyMembers" time="0.002" classname="sahabilgiteknolojileri.Mavenjava2.SeleniumTest"/>
  <testcase name="FamilyMembers" time="0.017" classname="sahabilgiteknolojileri.Mavenjava2.SeleniumTest"/>
</testsuite> <!-- sahabilgiteknolojileri.Mavenjava2.SeleniumTest -->
