<?xml version="1.0" encoding="UTF-8"?>
<!-- Generated by org.testng.reporters.JUnitReportReporter -->
<testsuite skipped="0" hostname="DESKTOP-J80IKB4" name="sahabilgiteknolojileri.Mavenjava2.SeleniumTest2" tests="2" failures="0" timestamp="2020-08-06T19:38:07 EET" time="0.001" errors="0">
  <testcase name="FamilyMembersAges" time="0.000" classname="sahabilgiteknolojileri.Mavenjava2.SeleniumTest2"/>
  <system-out/>
  <testcase name="FamilyMembersAges" time="0.001" classname="sahabilgiteknolojileri.Mavenjava2.SeleniumTest2"/>
  <system-out/>
</testsuite> <!-- sahabilgiteknolojileri.Mavenjava2.SeleniumTest2 -->
