<?xml version="1.0" encoding="UTF-8"?>
<!-- Generated by org.testng.reporters.JUnitReportReporter -->
<testsuite skipped="0" hostname="DESKTOP-J80IKB4" name="sahabilgiteknolojileri.Mavenjava2.SeleniumTest" tests="2" failures="0" timestamp="2020-08-06T19:38:07 EET" time="0.007" errors="0">
  <testcase name="FamilyMembers" time="0.001" classname="sahabilgiteknolojileri.Mavenjava2.SeleniumTest"/>
  <system-out/>
  <testcase name="FamilyMembers" time="0.006" classname="sahabilgiteknolojileri.Mavenjava2.SeleniumTest"/>
  <system-out/>
</testsuite> <!-- sahabilgiteknolojileri.Mavenjava2.SeleniumTest -->
